<?xml version="1.0" encoding="UTF-8"?>
<testng-results skipped="0" failed="0" ignored="0" total="1" passed="1">
  <reporter-output>
  </reporter-output>
  <suite name="Suite" duration-ms="19315" started-at="2017-12-02T18:39:32Z" finished-at="2017-12-02T18:39:52Z">
    <groups>
    </groups>
    <test name="Test" duration-ms="19315" started-at="2017-12-02T18:39:32Z" finished-at="2017-12-02T18:39:52Z">
      <class name="example.NewTest">
        <test-method status="PASS" signature="beforeTest()[pri:0, instance:example.NewTest@3bfdc050]" name="beforeTest" is-config="true" duration-ms="11581" started-at="2017-12-03T00:09:32Z" finished-at="2017-12-03T00:09:44Z">
          <reporter-output>
          </reporter-output>
        </test-method> <!-- beforeTest -->
        <test-method status="PASS" signature="f()[pri:0, instance:example.NewTest@3bfdc050]" name="f" duration-ms="5115" started-at="2017-12-03T00:09:44Z" finished-at="2017-12-03T00:09:49Z">
          <reporter-output>
          </reporter-output>
        </test-method> <!-- f -->
        <test-method status="PASS" signature="afterTest()[pri:0, instance:example.NewTest@3bfdc050]" name="afterTest" is-config="true" duration-ms="2580" started-at="2017-12-03T00:09:49Z" finished-at="2017-12-03T00:09:52Z">
          <reporter-output>
          </reporter-output>
        </test-method> <!-- afterTest -->
      </class> <!-- example.NewTest -->
    </test> <!-- Test -->
  </suite> <!-- Suite -->
</testng-results>
